<?xml version="1.0" encoding="UTF-8" ?>
<testsuite tests="3" failures="0" name="repository.test.AlugueisTestTest" time="0.005" errors="3" skipped="0">
  <properties>
[...]
</properties>
  <testcase classname="repository.test.AlugueisTestTest" name="testNovoAluguel" time="0.005">
    <error message="Uncompilable source code - Erroneous tree type: org.junit.&lt;error&gt;" type="java.lang.RuntimeException">java.lang.RuntimeException: Uncompilable source code - Erroneous tree type: org.junit.&lt;error&gt;
	at repository.test.AlugueisTest.novoAluguel(AlugueisTest.java:26)
	at repository.test.AlugueisTestTest.testNovoAluguel(AlugueisTestTest.java:36)
</error>
    <system-out>novoAluguel
</system-out>
  </testcase>
  <testcase classname="repository.test.AlugueisTestTest" name="testListAlugueis" time="0">
    <error type="java.lang.NullPointerException">java.lang.NullPointerException
	at repository.test.AlugueisTest.listAlugueis(AlugueisTest.java:33)
	at repository.test.AlugueisTestTest.testListAlugueis(AlugueisTestTest.java:47)
</error>
    <system-out>listAlugueis
</system-out>
  </testcase>
  <testcase classname="repository.test.AlugueisTestTest" name="testPesIdInquilino" time="0">
    <error type="java.lang.NullPointerException">java.lang.NullPointerException
	at repository.test.AlugueisTest.pesIdInquilino(AlugueisTest.java:38)
	at repository.test.AlugueisTestTest.testPesIdInquilino(AlugueisTestTest.java:58)
</error>
    <system-out>pesIdInquilino
</system-out>
  </testcase>
</testsuite>